<?xml version="1.0" encoding="UTF-8"?>
<testsuite name="com.tts.main.enumeration.DayTest" tests="1" skipped="0" failures="0" errors="0" timestamp="2021-01-24T07:40:00" hostname="LAPTOP-DRBHGO3B" time="0.003">
  <properties/>
  <testcase name="test()" classname="com.tts.main.enumeration.DayTest" time="0.003"/>
  <system-out><![CDATA[Weekends are to relax and get time to do what you enjoy most
]]></system-out>
  <system-err><![CDATA[]]></system-err>
</testsuite>
